  main.cpp
  imgui_impl_glfw_gl3.cpp
  imgui_draw.cpp
  imgui_demo.cpp
  imgui.cpp
  Camera.cpp
  Generating Code...
imgui_impl_glfw_gl3.obj : error LNK2019: unresolved external symbol glfwGetWindowSize referenced in function "void __cdecl ImGui_ImplGlfwGL3_NewFrame(void)" (?ImGui_ImplGlfwGL3_NewFrame@@YAXXZ)
imgui_impl_glfw_gl3.obj : error LNK2019: unresolved external symbol glfwGetFramebufferSize referenced in function "void __cdecl ImGui_ImplGlfwGL3_NewFrame(void)" (?ImGui_ImplGlfwGL3_NewFrame@@YAXXZ)
imgui_impl_glfw_gl3.obj : error LNK2019: unresolved external symbol glfwGetWindowAttrib referenced in function "void __cdecl ImGui_ImplGlfwGL3_NewFrame(void)" (?ImGui_ImplGlfwGL3_NewFrame@@YAXXZ)
imgui_impl_glfw_gl3.obj : error LNK2019: unresolved external symbol glfwSetInputMode referenced in function "void __cdecl ImGui_ImplGlfwGL3_NewFrame(void)" (?ImGui_ImplGlfwGL3_NewFrame@@YAXXZ)
main.obj : error LNK2001: unresolved external symbol glfwSetInputMode
imgui_impl_glfw_gl3.obj : error LNK2019: unresolved external symbol glfwGetMouseButton referenced in function "void __cdecl ImGui_ImplGlfwGL3_NewFrame(void)" (?ImGui_ImplGlfwGL3_NewFrame@@YAXXZ)
imgui_impl_glfw_gl3.obj : error LNK2019: unresolved external symbol glfwGetCursorPos referenced in function "void __cdecl ImGui_ImplGlfwGL3_NewFrame(void)" (?ImGui_ImplGlfwGL3_NewFrame@@YAXXZ)
main.obj : error LNK2001: unresolved external symbol glfwGetCursorPos
imgui_impl_glfw_gl3.obj : error LNK2019: unresolved external symbol glfwSetCursorPos referenced in function "void __cdecl ImGui_ImplGlfwGL3_NewFrame(void)" (?ImGui_ImplGlfwGL3_NewFrame@@YAXXZ)
imgui_impl_glfw_gl3.obj : error LNK2019: unresolved external symbol glfwSetKeyCallback referenced in function "bool __cdecl ImGui_ImplGlfwGL3_Init(struct GLFWwindow *,bool)" (?ImGui_ImplGlfwGL3_Init@@YA_NPEAUGLFWwindow@@_N@Z)
main.obj : error LNK2001: unresolved external symbol glfwSetKeyCallback
imgui_impl_glfw_gl3.obj : error LNK2019: unresolved external symbol glfwSetCharCallback referenced in function "bool __cdecl ImGui_ImplGlfwGL3_Init(struct GLFWwindow *,bool)" (?ImGui_ImplGlfwGL3_Init@@YA_NPEAUGLFWwindow@@_N@Z)
imgui_impl_glfw_gl3.obj : error LNK2019: unresolved external symbol glfwSetMouseButtonCallback referenced in function "bool __cdecl ImGui_ImplGlfwGL3_Init(struct GLFWwindow *,bool)" (?ImGui_ImplGlfwGL3_Init@@YA_NPEAUGLFWwindow@@_N@Z)
imgui_impl_glfw_gl3.obj : error LNK2019: unresolved external symbol glfwSetScrollCallback referenced in function "bool __cdecl ImGui_ImplGlfwGL3_Init(struct GLFWwindow *,bool)" (?ImGui_ImplGlfwGL3_Init@@YA_NPEAUGLFWwindow@@_N@Z)
imgui_impl_glfw_gl3.obj : error LNK2019: unresolved external symbol glfwSetClipboardString referenced in function "void __cdecl ImGui_ImplGlfwGL3_SetClipboardText(void *,char const *)" (?ImGui_ImplGlfwGL3_SetClipboardText@@YAXPEAXPEBD@Z)
imgui_impl_glfw_gl3.obj : error LNK2019: unresolved external symbol glfwGetClipboardString referenced in function "char const * __cdecl ImGui_ImplGlfwGL3_GetClipboardText(void *)" (?ImGui_ImplGlfwGL3_GetClipboardText@@YAPEBDPEAX@Z)
imgui_impl_glfw_gl3.obj : error LNK2019: unresolved external symbol glfwGetTime referenced in function "void __cdecl ImGui_ImplGlfwGL3_NewFrame(void)" (?ImGui_ImplGlfwGL3_NewFrame@@YAXXZ)
imgui_impl_glfw_gl3.obj : error LNK2019: unresolved external symbol glfwGetWin32Window referenced in function "bool __cdecl ImGui_ImplGlfwGL3_Init(struct GLFWwindow *,bool)" (?ImGui_ImplGlfwGL3_Init@@YA_NPEAUGLFWwindow@@_N@Z)
imgui_impl_glfw_gl3.obj : error LNK2001: unresolved external symbol __imp___glewActiveTexture
imgui_impl_glfw_gl3.obj : error LNK2001: unresolved external symbol __imp___glewBlendEquation
imgui_impl_glfw_gl3.obj : error LNK2001: unresolved external symbol __imp___glewBlendFuncSeparate
imgui_impl_glfw_gl3.obj : error LNK2001: unresolved external symbol __imp___glewBindBuffer
main.obj : error LNK2001: unresolved external symbol __imp___glewBindBuffer
imgui_impl_glfw_gl3.obj : error LNK2001: unresolved external symbol __imp___glewBufferData
main.obj : error LNK2001: unresolved external symbol __imp___glewBufferData
imgui_impl_glfw_gl3.obj : error LNK2001: unresolved external symbol __imp___glewDeleteBuffers
imgui_impl_glfw_gl3.obj : error LNK2001: unresolved external symbol __imp___glewGenBuffers
main.obj : error LNK2001: unresolved external symbol __imp___glewGenBuffers
imgui_impl_glfw_gl3.obj : error LNK2001: unresolved external symbol __imp___glewAttachShader
main.obj : error LNK2001: unresolved external symbol __imp___glewAttachShader
imgui_impl_glfw_gl3.obj : error LNK2001: unresolved external symbol __imp___glewBlendEquationSeparate
imgui_impl_glfw_gl3.obj : error LNK2001: unresolved external symbol __imp___glewCompileShader
main.obj : error LNK2001: unresolved external symbol __imp___glewCompileShader
imgui_impl_glfw_gl3.obj : error LNK2001: unresolved external symbol __imp___glewCreateProgram
main.obj : error LNK2001: unresolved external symbol __imp___glewCreateProgram
imgui_impl_glfw_gl3.obj : error LNK2001: unresolved external symbol __imp___glewCreateShader
main.obj : error LNK2001: unresolved external symbol __imp___glewCreateShader
imgui_impl_glfw_gl3.obj : error LNK2001: unresolved external symbol __imp___glewDeleteProgram
imgui_impl_glfw_gl3.obj : error LNK2001: unresolved external symbol __imp___glewDeleteShader
main.obj : error LNK2001: unresolved external symbol __imp___glewDeleteShader
imgui_impl_glfw_gl3.obj : error LNK2001: unresolved external symbol __imp___glewDetachShader
main.obj : error LNK2001: unresolved external symbol __imp___glewDetachShader
imgui_impl_glfw_gl3.obj : error LNK2001: unresolved external symbol __imp___glewEnableVertexAttribArray
main.obj : error LNK2001: unresolved external symbol __imp___glewEnableVertexAttribArray
imgui_impl_glfw_gl3.obj : error LNK2001: unresolved external symbol __imp___glewGetAttribLocation
imgui_impl_glfw_gl3.obj : error LNK2001: unresolved external symbol __imp___glewGetUniformLocation
main.obj : error LNK2001: unresolved external symbol __imp___glewGetUniformLocation
imgui_impl_glfw_gl3.obj : error LNK2001: unresolved external symbol __imp___glewLinkProgram
main.obj : error LNK2001: unresolved external symbol __imp___glewLinkProgram
imgui_impl_glfw_gl3.obj : error LNK2001: unresolved external symbol __imp___glewShaderSource
main.obj : error LNK2001: unresolved external symbol __imp___glewShaderSource
imgui_impl_glfw_gl3.obj : error LNK2001: unresolved external symbol __imp___glewUniform1i
imgui_impl_glfw_gl3.obj : error LNK2001: unresolved external symbol __imp___glewUniformMatrix4fv
main.obj : error LNK2001: unresolved external symbol __imp___glewUniformMatrix4fv
imgui_impl_glfw_gl3.obj : error LNK2001: unresolved external symbol __imp___glewUseProgram
main.obj : error LNK2001: unresolved external symbol __imp___glewUseProgram
imgui_impl_glfw_gl3.obj : error LNK2001: unresolved external symbol __imp___glewVertexAttribPointer
main.obj : error LNK2001: unresolved external symbol __imp___glewVertexAttribPointer
imgui_impl_glfw_gl3.obj : error LNK2001: unresolved external symbol __imp___glewBindSampler
imgui_impl_glfw_gl3.obj : error LNK2001: unresolved external symbol __imp___glewBindVertexArray
imgui_impl_glfw_gl3.obj : error LNK2001: unresolved external symbol __imp___glewDeleteVertexArrays
imgui_impl_glfw_gl3.obj : error LNK2001: unresolved external symbol __imp___glewGenVertexArrays
main.obj : error LNK2019: unresolved external symbol __imp_glewInit referenced in function main
main.obj : error LNK2019: unresolved external symbol glfwInit referenced in function main
main.obj : error LNK2019: unresolved external symbol glfwTerminate referenced in function main
main.obj : error LNK2019: unresolved external symbol glfwCreateWindow referenced in function main
main.obj : error LNK2019: unresolved external symbol glfwWindowShouldClose referenced in function main
main.obj : error LNK2019: unresolved external symbol glfwPollEvents referenced in function main
main.obj : error LNK2019: unresolved external symbol glfwSetCursorPosCallback referenced in function main
main.obj : error LNK2019: unresolved external symbol glfwMakeContextCurrent referenced in function main
main.obj : error LNK2019: unresolved external symbol glfwSwapBuffers referenced in function main
C:\Users\Julius\source\repos\3DP-Project\3D_Project\Dependencies\glew-1.11.0\lib\glew32.lib : warning LNK4272: library machine type 'x86' conflicts with target machine type 'x64'
C:\Users\Julius\source\repos\3DP-Project\3D_Project\Dependencies\GLFW\lib-vc2015\glfw3.lib : warning LNK4272: library machine type 'x86' conflicts with target machine type 'x64'
C:\Users\Julius\source\repos\3DP-Project\3D_Project\x64\Debug\3D_Project.exe : fatal error LNK1120: 52 unresolved externals
