c:\users\same8\documents\github\3dp-project\3d_project\3d_project\debug\vc141.pdb
c:\users\same8\documents\github\3dp-project\3d_project\3d_project\debug\vc141.idb
c:\users\same8\documents\github\3dp-project\3d_project\3d_project\debug\transform.obj
c:\users\same8\documents\github\3dp-project\3d_project\3d_project\debug\terrain.obj
c:\users\same8\documents\github\3dp-project\3d_project\3d_project\debug\shaderhandler.obj
c:\users\same8\documents\github\3dp-project\3d_project\3d_project\debug\shader.obj
c:\users\same8\documents\github\3dp-project\3d_project\3d_project\debug\object.obj
c:\users\same8\documents\github\3dp-project\3d_project\3d_project\debug\model.obj
c:\users\same8\documents\github\3dp-project\3d_project\3d_project\debug\main.obj
c:\users\same8\documents\github\3dp-project\3d_project\3d_project\debug\imgui_impl_glfw_gl3.obj
c:\users\same8\documents\github\3dp-project\3d_project\3d_project\debug\imgui_draw.obj
c:\users\same8\documents\github\3dp-project\3d_project\3d_project\debug\imgui_demo.obj
c:\users\same8\documents\github\3dp-project\3d_project\3d_project\debug\imgui.obj
c:\users\same8\documents\github\3dp-project\3d_project\3d_project\debug\game.obj
c:\users\same8\documents\github\3dp-project\3d_project\3d_project\debug\display.obj
c:\users\same8\documents\github\3dp-project\3d_project\3d_project\debug\camera.obj
c:\users\same8\documents\github\3dp-project\3d_project\3d_project\debug\shadow.obj
c:\users\same8\documents\github\3dp-project\3d_project\3d_project\debug\imageloader.obj
c:\users\same8\documents\github\3dp-project\3d_project\debug\3d_project.exe
c:\users\same8\documents\github\3dp-project\3d_project\debug\3d_project.ilk
c:\users\same8\documents\github\3dp-project\3d_project\debug\3d_project.pdb
c:\users\same8\documents\github\3dp-project\3d_project\3d_project\debug\3d_project.tlog\cl.command.1.tlog
c:\users\same8\documents\github\3dp-project\3d_project\3d_project\debug\3d_project.tlog\cl.read.1.tlog
c:\users\same8\documents\github\3dp-project\3d_project\3d_project\debug\3d_project.tlog\cl.write.1.tlog
c:\users\same8\documents\github\3dp-project\3d_project\3d_project\debug\3d_project.tlog\link.command.1.tlog
c:\users\same8\documents\github\3dp-project\3d_project\3d_project\debug\3d_project.tlog\link.read.1.tlog
c:\users\same8\documents\github\3dp-project\3d_project\3d_project\debug\3d_project.tlog\link.write.1.tlog
